Построение начато 29.11.2015 0:55:44.
Проект "C:\Documents and Settings\Администратор\Рабочий стол\RayTracer-3\src\RayTracer.vcxproj" в узле 2 (целевые объекты build).
InitializeBuildStatus:
  Создание "Debug\RayTracer.unsuccessfulbuild", так как было задано "AlwaysCreate".
ClCompile:
  c:\Program Files\Microsoft Visual Studio 10.0\VC\bin\CL.exe /c /I..\glm /ZI /nologo /W3 /WX- /Od /Oy- /D WIN32 /D _DEBUG /D _CONSOLE /D _MBCS /Gm /EHsc /RTC1 /MDd /GS /fp:precise /Zc:wchar_t /Zc:forScope /Fo"Debug\\" /Fd"Debug\vc100.pdb" /Gd /TP /analyze- /errorReport:prompt Main.cpp Scene.cpp Tracer.cpp
  Tracer.cpp
c:\documents and settings\администратор\рабочий стол\raytracer-3\src\tracer.cpp(197): warning C4244: =: преобразование "float" в "unsigned char", возможна потеря данных
c:\documents and settings\администратор\рабочий стол\raytracer-3\src\tracer.cpp(198): warning C4244: =: преобразование "float" в "unsigned char", возможна потеря данных
c:\documents and settings\администратор\рабочий стол\raytracer-3\src\tracer.cpp(199): warning C4244: =: преобразование "float" в "unsigned char", возможна потеря данных
  Main.cpp
c:\documents and settings\администратор\рабочий стол\raytracer-3\src\main.cpp(14): warning C4996: 'fopen': This function or variable may be unsafe. Consider using fopen_s instead. To disable deprecation, use _CRT_SECURE_NO_WARNINGS. See online help for details.
          c:\program files\microsoft visual studio 10.0\vc\include\stdio.h(234): см. объявление "fopen"
c:\documents and settings\администратор\рабочий стол\raytracer-3\src\main.cpp(19): warning C4996: 'fscanf': This function or variable may be unsafe. Consider using fscanf_s instead. To disable deprecation, use _CRT_SECURE_NO_WARNINGS. See online help for details.
          c:\program files\microsoft visual studio 10.0\vc\include\stdio.h(253): см. объявление "fscanf"
c:\documents and settings\администратор\рабочий стол\raytracer-3\src\main.cpp(35): warning C4996: 'fscanf': This function or variable may be unsafe. Consider using fscanf_s instead. To disable deprecation, use _CRT_SECURE_NO_WARNINGS. See online help for details.
          c:\program files\microsoft visual studio 10.0\vc\include\stdio.h(253): см. объявление "fscanf"
c:\documents and settings\администратор\рабочий стол\raytracer-3\src\main.cpp(61): warning C4996: 'scanf': This function or variable may be unsafe. Consider using scanf_s instead. To disable deprecation, use _CRT_SECURE_NO_WARNINGS. See online help for details.
          c:\program files\microsoft visual studio 10.0\vc\include\stdio.h(304): см. объявление "scanf"
  Создание кода...
  Компиляция...
  Scene.cpp
  Создание кода...
ManifestResourceCompile:
  Для всех выходных данных обновления не требуется.
Link:
  c:\Program Files\Microsoft Visual Studio 10.0\VC\bin\link.exe /ERRORREPORT:PROMPT /OUT:"C:\Documents and Settings\Администратор\Рабочий стол\RayTracer-3\src\..\bin\RayTracer.exe" /INCREMENTAL /NOLOGO kernel32.lib user32.lib gdi32.lib winspool.lib comdlg32.lib advapi32.lib shell32.lib ole32.lib oleaut32.lib uuid.lib odbc32.lib odbccp32.lib /MANIFEST /ManifestFile:"Debug\RayTracer.exe.intermediate.manifest" /MANIFESTUAC:"level='asInvoker' uiAccess='false'" /DEBUG /PDB:"C:\Documents and Settings\Администратор\Рабочий стол\RayTracer-3\bin\RayTracer.pdb" /SUBSYSTEM:CONSOLE /TLBID:1 /DYNAMICBASE /NXCOMPAT /IMPLIB:"C:\Documents and Settings\Администратор\Рабочий стол\RayTracer-3\src\..\bin\RayTracer.lib" /MACHINE:X86 Debug\RayTracer.exe.embed.manifest.res
  Debug\Main.obj
  Debug\Scene.obj
  Debug\Tracer.obj
Manifest:
  c:\Program Files\Microsoft SDKs\Windows\v7.0A\bin\mt.exe /nologo /verbose /out:"Debug\RayTracer.exe.embed.manifest" /manifest Debug\RayTracer.exe.intermediate.manifest
  Для всех выходных данных обновления не требуется.
LinkEmbedManifest:
  Для всех выходных данных обновления не требуется.
  RayTracer.vcxproj -> C:\Documents and Settings\Администратор\Рабочий стол\RayTracer-3\src\..\bin\RayTracer.exe
FinalizeBuildStatus:
  Файл "Debug\RayTracer.unsuccessfulbuild" удаляется.
  Обращение к "Debug\RayTracer.lastbuildstate".
Построение проекта "C:\Documents and Settings\Администратор\Рабочий стол\RayTracer-3\src\RayTracer.vcxproj" завершено (целевые объекты build).

Построение успешно завершено.

Затраченное время: 00:00:03.73
